  BaseController.cpp
  ColorUtils.cpp
  DrawingFuncs.cpp
  GLUTMenu.cpp
  Graph.cpp
  GraphManager.cpp
  Visualizer_GLUT.cpp
  main.cpp
  Geometry.cpp
  Random.cpp
  MavlinkNode.cpp
  MavlinkTranslation.cpp
  PracticalSocket.cpp
  QuadControl.cpp
  BaseDynamics.cpp
  QuadDynamics.cpp
  Simulator.cpp
  Trajectory.cpp
  Camera.cpp
  SimpleConfig.cpp
  Generating Code...
  Compiling...
  Timer.cpp
  Generating Code...
  Simulator.vcxproj -> F:\Flying Car ND\Flying-Car-Nanodegree-Term-1\FCND-Controls-CPP-master\FCND-Controls-CPP-master\project\Debug\Simulator.exe
